Performing C SOURCE FILE Test CMAKE_HAVE_LIBC_PTHREAD failed with the following output:
Change Dir: /home/sofia/CLionProjects/aeda2021_p02/cmake-build-debug/CMakeFiles/CMakeTmp

Run Build Command(s):/usr/bin/make cmTC_fb846/fast && /usr/bin/make  -f CMakeFiles/cmTC_fb846.dir/build.make CMakeFiles/cmTC_fb846.dir/build
make[1]: a entrar na pasta "/home/sofia/CLionProjects/aeda2021_p02/cmake-build-debug/CMakeFiles/CMakeTmp"
Building C object CMakeFiles/cmTC_fb846.dir/src.c.o
/usr/bin/cc   -DCMAKE_HAVE_LIBC_PTHREAD   -o CMakeFiles/cmTC_fb846.dir/src.c.o   -c /home/sofia/CLionProjects/aeda2021_p02/cmake-build-debug/CMakeFiles/CMakeTmp/src.c
Linking C executable cmTC_fb846
/snap/clion/129/bin/cmake/linux/bin/cmake -E cmake_link_script CMakeFiles/cmTC_fb846.dir/link.txt --verbose=1
/usr/bin/cc  -DCMAKE_HAVE_LIBC_PTHREAD    -rdynamic CMakeFiles/cmTC_fb846.dir/src.c.o  -o cmTC_fb846 
/usr/bin/ld: CMakeFiles/cmTC_fb846.dir/src.c.o: na função "main":
src.c:(.text+0x46): referência não definida para "pthread_create"
/usr/bin/ld: src.c:(.text+0x52): referência não definida para "pthread_detach"
/usr/bin/ld: src.c:(.text+0x5e): referência não definida para "pthread_cancel"
/usr/bin/ld: src.c:(.text+0x6f): referência não definida para "pthread_join"
collect2: error: ld returned 1 exit status
make[1]: *** [CMakeFiles/cmTC_fb846.dir/build.make:107: cmTC_fb846] Erro 1
make[1]: a sair da pasta "/home/sofia/CLionProjects/aeda2021_p02/cmake-build-debug/CMakeFiles/CMakeTmp"
make: *** [Makefile:141: cmTC_fb846/fast] Erro 2


Source file was:
#include <pthread.h>

void* test_func(void* data)
{
  return data;
}

int main(void)
{
  pthread_t thread;
  pthread_create(&thread, NULL, test_func, NULL);
  pthread_detach(thread);
  pthread_cancel(thread);
  pthread_join(thread, NULL);
  pthread_atfork(NULL, NULL, NULL);
  pthread_exit(NULL);

  return 0;
}

Determining if the function pthread_create exists in the pthreads failed with the following output:
Change Dir: /home/sofia/CLionProjects/aeda2021_p02/cmake-build-debug/CMakeFiles/CMakeTmp

Run Build Command(s):/usr/bin/make cmTC_3e4ee/fast && /usr/bin/make  -f CMakeFiles/cmTC_3e4ee.dir/build.make CMakeFiles/cmTC_3e4ee.dir/build
make[1]: a entrar na pasta "/home/sofia/CLionProjects/aeda2021_p02/cmake-build-debug/CMakeFiles/CMakeTmp"
Building C object CMakeFiles/cmTC_3e4ee.dir/CheckFunctionExists.c.o
/usr/bin/cc   -DCHECK_FUNCTION_EXISTS=pthread_create   -o CMakeFiles/cmTC_3e4ee.dir/CheckFunctionExists.c.o   -c /snap/clion/129/bin/cmake/linux/share/cmake-3.17/Modules/CheckFunctionExists.c
Linking C executable cmTC_3e4ee
/snap/clion/129/bin/cmake/linux/bin/cmake -E cmake_link_script CMakeFiles/cmTC_3e4ee.dir/link.txt --verbose=1
/usr/bin/cc  -DCHECK_FUNCTION_EXISTS=pthread_create    -rdynamic CMakeFiles/cmTC_3e4ee.dir/CheckFunctionExists.c.o  -o cmTC_3e4ee  -lpthreads 
/usr/bin/ld: não foi possível localizar -lpthreads
collect2: error: ld returned 1 exit status
make[1]: *** [CMakeFiles/cmTC_3e4ee.dir/build.make:107: cmTC_3e4ee] Erro 1
make[1]: a sair da pasta "/home/sofia/CLionProjects/aeda2021_p02/cmake-build-debug/CMakeFiles/CMakeTmp"
make: *** [Makefile:141: cmTC_3e4ee/fast] Erro 2



